c:\users\x811r\source\repos\ac_cheat\ac_cheat\debug\vc142.pdb
c:\users\x811r\source\repos\ac_cheat\ac_cheat\debug\vc142.idb
c:\users\x811r\source\repos\ac_cheat\ac_cheat\debug\trampoline.obj
c:\users\x811r\source\repos\ac_cheat\ac_cheat\debug\hde64.obj
c:\users\x811r\source\repos\ac_cheat\ac_cheat\debug\hde32.obj
c:\users\x811r\source\repos\ac_cheat\ac_cheat\debug\buffer.obj
c:\users\x811r\source\repos\ac_cheat\ac_cheat\debug\hook.obj
c:\users\x811r\source\repos\ac_cheat\ac_cheat\debug\wglswapbuffers.obj
c:\users\x811r\source\repos\ac_cheat\ac_cheat\debug\dllmain.obj
c:\users\x811r\source\repos\ac_cheat\ac_cheat\debug\cinitialization.obj
c:\users\x811r\source\repos\ac_cheat\ac_cheat\debug\sdk.obj
c:\users\x811r\source\repos\ac_cheat\ac_cheat\debug\caimbot.obj
c:\users\x811r\source\repos\ac_cheat\ac_cheat\debug\utils.obj
c:\users\x811r\source\repos\ac_cheat\ac_cheat\debug\imgui_widgets.obj
c:\users\x811r\source\repos\ac_cheat\ac_cheat\debug\imgui_tables.obj
c:\users\x811r\source\repos\ac_cheat\ac_cheat\debug\imgui_impl_win32.obj
c:\users\x811r\source\repos\ac_cheat\ac_cheat\debug\imgui_impl_opengl2.obj
c:\users\x811r\source\repos\ac_cheat\ac_cheat\debug\imgui_draw.obj
c:\users\x811r\source\repos\ac_cheat\ac_cheat\debug\imgui_demo.obj
c:\users\x811r\source\repos\ac_cheat\ac_cheat\debug\imgui.obj
c:\users\x811r\source\repos\ac_cheat\ac_cheat\debug\gldrawelements.obj
c:\users\x811r\source\repos\ac_cheat\ac_cheat\debug\glbegin.obj
c:\users\x811r\source\repos\ac_cheat\ac_cheat\debug\misc.obj
c:\users\x811r\source\repos\ac_cheat\ac_cheat\debug\attack.obj
c:\users\x811r\source\repos\ac_cheat\debug\ac_cheat.dll
c:\users\x811r\source\repos\ac_cheat\debug\ac_cheat.ilk
c:\users\x811r\source\repos\ac_cheat\debug\ac_cheat.pdb
c:\users\x811r\source\repos\ac_cheat\ac_cheat\debug\chook.obj
c:\users\x811r\source\repos\ac_cheat\ac_cheat\debug\selectplayer.obj
c:\users\x811r\source\repos\ac_cheat\ac_cheat\debug\ac_cheat.tlog\cl.command.1.tlog
c:\users\x811r\source\repos\ac_cheat\ac_cheat\debug\ac_cheat.tlog\cl.read.1.tlog
c:\users\x811r\source\repos\ac_cheat\ac_cheat\debug\ac_cheat.tlog\cl.write.1.tlog
c:\users\x811r\source\repos\ac_cheat\ac_cheat\debug\ac_cheat.tlog\link.command.1.tlog
c:\users\x811r\source\repos\ac_cheat\ac_cheat\debug\ac_cheat.tlog\link.read.1.tlog
c:\users\x811r\source\repos\ac_cheat\ac_cheat\debug\ac_cheat.tlog\link.write.1.tlog
